This file contains any messages produced by compilers while
running configure, to aid debugging if configure makes a mistake.

It was created by configure, which was
generated by GNU Autoconf 2.69.  Invocation command line was

  $ ./configure --enable-debreach --with-apxs2=/usr/local/apache2/bin/apxs

## --------- ##
## Platform. ##
## --------- ##

hostname = ubuntu
uname -m = x86_64
uname -r = 4.4.0-31-generic
uname -s = Linux
uname -v = #50~14.04.1-Ubuntu SMP Wed Jul 13 01:07:32 UTC 2016

/usr/bin/uname -p = unknown
/bin/uname -X     = unknown

/bin/arch              = unknown
/usr/bin/arch -k       = unknown
/usr/convex/getsysinfo = unknown
/usr/bin/hostinfo      = unknown
/bin/machine           = unknown
/usr/bin/oslevel       = unknown
/bin/universe          = unknown

PATH: /usr/local/sbin
PATH: /usr/local/bin
PATH: /usr/sbin
PATH: /usr/bin
PATH: /sbin
PATH: /bin


## ----------- ##
## Core tests. ##
## ----------- ##

configure:2297: checking for grep that handles long lines and -e
configure:2355: result: /bin/grep
configure:2360: checking for egrep
configure:2422: result: /bin/grep -E
configure:2427: checking for a sed that does not truncate output
configure:2481: result: /bin/sed
configure:2618: checking for cc
configure:2634: found /usr/bin/cc
configure:2645: result: cc
configure:2676: checking for C compiler version
configure:2685: cc --version >&5
cc (Ubuntu 4.8.4-2ubuntu1~14.04.3) 4.8.4
Copyright (C) 2013 Free Software Foundation, Inc.
This is free software; see the source for copying conditions.  There is NO
warranty; not even for MERCHANTABILITY or FITNESS FOR A PARTICULAR PURPOSE.

configure:2696: $? = 0
configure:2685: cc -v >&5
Using built-in specs.
COLLECT_GCC=cc
COLLECT_LTO_WRAPPER=/usr/lib/gcc/x86_64-linux-gnu/4.8/lto-wrapper
Target: x86_64-linux-gnu
Configured with: ../src/configure -v --with-pkgversion='Ubuntu 4.8.4-2ubuntu1~14.04.3' --with-bugurl=file:///usr/share/doc/gcc-4.8/README.Bugs --enable-languages=c,c++,java,go,d,fortran,objc,obj-c++ --prefix=/usr --program-suffix=-4.8 --enable-shared --enable-linker-build-id --libexecdir=/usr/lib --without-included-gettext --enable-threads=posix --with-gxx-include-dir=/usr/include/c++/4.8 --libdir=/usr/lib --enable-nls --with-sysroot=/ --enable-clocale=gnu --enable-libstdcxx-debug --enable-libstdcxx-time=yes --enable-gnu-unique-object --disable-libmudflap --enable-plugin --with-system-zlib --disable-browser-plugin --enable-java-awt=gtk --enable-gtk-cairo --with-java-home=/usr/lib/jvm/java-1.5.0-gcj-4.8-amd64/jre --enable-java-home --with-jvm-root-dir=/usr/lib/jvm/java-1.5.0-gcj-4.8-amd64 --with-jvm-jar-dir=/usr/lib/jvm-exports/java-1.5.0-gcj-4.8-amd64 --with-arch-directory=amd64 --with-ecj-jar=/usr/share/java/eclipse-ecj.jar --enable-objc-gc --enable-multiarch --disable-werror --with-arch-32=i686 --with-abi=m64 --with-multilib-list=m32,m64,mx32 --with-tune=generic --enable-checking=release --build=x86_64-linux-gnu --host=x86_64-linux-gnu --target=x86_64-linux-gnu
Thread model: posix
gcc version 4.8.4 (Ubuntu 4.8.4-2ubuntu1~14.04.3) 
configure:2696: $? = 0
configure:2685: cc -V >&5
cc: error: unrecognized command line option '-V'
cc: fatal error: no input files
compilation terminated.
configure:2696: $? = 4
configure:2685: cc -qversion >&5
cc: error: unrecognized command line option '-qversion'
cc: fatal error: no input files
compilation terminated.
configure:2696: $? = 4
configure:2716: checking whether the C compiler works
configure:2738: cc    conftest.c  >&5
configure:2742: $? = 0
configure:2790: result: yes
configure:2793: checking for C compiler default output file name
configure:2795: result: a.out
configure:2801: checking for suffix of executables
configure:2808: cc -o conftest    conftest.c  >&5
configure:2812: $? = 0
configure:2834: result: 
configure:2856: checking whether we are cross compiling
configure:2864: cc -o conftest    conftest.c  >&5
configure:2868: $? = 0
configure:2875: ./conftest
configure:2879: $? = 0
configure:2894: result: no
configure:2899: checking for suffix of object files
configure:2921: cc -c   conftest.c >&5
configure:2925: $? = 0
configure:2946: result: o
configure:2950: checking whether we are using the GNU C compiler
configure:2969: cc -c   conftest.c >&5
configure:2969: $? = 0
configure:2978: result: yes
configure:2987: checking whether cc accepts -g
configure:3007: cc -c -g  conftest.c >&5
configure:3007: $? = 0
configure:3048: result: yes
configure:3065: checking for cc option to accept ISO C89
configure:3128: cc  -c -g -O2  conftest.c >&5
configure:3128: $? = 0
configure:3141: result: none needed
configure:3167: checking how to run the C preprocessor
configure:3198: cc -E  conftest.c
configure:3198: $? = 0
configure:3212: cc -E  conftest.c
conftest.c:9:28: fatal error: ac_nonexistent.h: No such file or directory
 #include <ac_nonexistent.h>
                            ^
compilation terminated.
configure:3212: $? = 1
configure: failed program was:
| /* confdefs.h */
| #define PACKAGE_NAME ""
| #define PACKAGE_TARNAME ""
| #define PACKAGE_VERSION ""
| #define PACKAGE_STRING ""
| #define PACKAGE_BUGREPORT ""
| #define PACKAGE_URL ""
| /* end confdefs.h.  */
| #include <ac_nonexistent.h>
configure:3237: result: cc -E
configure:3257: cc -E  conftest.c
configure:3257: $? = 0
configure:3271: cc -E  conftest.c
conftest.c:9:28: fatal error: ac_nonexistent.h: No such file or directory
 #include <ac_nonexistent.h>
                            ^
compilation terminated.
configure:3271: $? = 1
configure: failed program was:
| /* confdefs.h */
| #define PACKAGE_NAME ""
| #define PACKAGE_TARNAME ""
| #define PACKAGE_VERSION ""
| #define PACKAGE_STRING ""
| #define PACKAGE_BUGREPORT ""
| #define PACKAGE_URL ""
| /* end confdefs.h.  */
| #include <ac_nonexistent.h>
configure:3302: checking for icc
configure:3311: result: no
configure:3325: checking for suncc
configure:3334: result: no
configure:3352: checking whether cc understands -c and -o together
configure:3380: cc -c conftest.c -o conftest2.o >&5
configure:3384: $? = 0
configure:3390: cc -c conftest.c -o conftest2.o >&5
configure:3394: $? = 0
configure:3449: result: yes
configure:3463: checking for system library directory
configure:3478: result: lib
configure:3485: checking if compiler supports -R
configure:3504: cc -o conftest -g -O2   conftest.c -R /usr/lib  >&5
cc: error: unrecognized command line option '-R'
configure:3504: $? = 1
configure: failed program was:
| /* confdefs.h */
| #define PACKAGE_NAME ""
| #define PACKAGE_TARNAME ""
| #define PACKAGE_VERSION ""
| #define PACKAGE_STRING ""
| #define PACKAGE_BUGREPORT ""
| #define PACKAGE_URL ""
| /* end confdefs.h.  */
| 
| int
| main ()
| {
| 
|   ;
|   return 0;
| }
configure:3514: result: no
configure:3519: checking if compiler supports -Wl,-rpath,
configure:3538: cc -o conftest -g -O2   conftest.c -Wl,-rpath,/usr/lib  >&5
configure:3538: $? = 0
configure:3548: result: yes
configure:3593: checking build system type
configure:3607: result: x86_64-unknown-linux-gnu
configure:3627: checking host system type
configure:3640: result: x86_64-unknown-linux-gnu
configure:3660: checking target system type
configure:3673: result: x86_64-unknown-linux-gnu
configure:3776: checking for PHP prefix
configure:3778: result: /usr/local
configure:3780: checking for PHP includes
configure:3782: result: -I/usr/local/include/php -I/usr/local/include/php/main -I/usr/local/include/php/TSRM -I/usr/local/include/php/Zend -I/usr/local/include/php/ext -I/usr/local/include/php/ext/date/lib
configure:3784: checking for PHP extension directory
configure:3786: result: /usr/local/lib/php/extensions/no-debug-non-zts-20160303
configure:3788: checking for PHP installed headers prefix
configure:3790: result: /usr/local/include/php
configure:3793: checking if debug is enabled
configure:3819: result: no
configure:3822: checking if zts is enabled
configure:3848: result: no
configure:3919: checking for re2c
configure:3949: result: no
configure:3974: WARNING: You will need re2c 0.13.4 or later if you want to regenerate PHP parsers.
configure:3988: checking for gawk
configure:4005: found /usr/bin/gawk
configure:4016: result: gawk
configure:4060: checking whether to enable debreach
 support
configure:4100: result: yes, shared
configure:4128: checking for Apache 2.0 handler-module support via DSO through APXS
configure:4616: checking for ld used by cc
configure:4683: result: /usr/bin/ld
configure:4690: checking if the linker (/usr/bin/ld) is GNU ld
configure:4705: result: yes
configure:4710: checking for /usr/bin/ld option to reload object files
configure:4717: result: -r
configure:4735: checking for BSD-compatible nm
configure:4784: result: /usr/bin/nm -B
configure:4788: checking whether ln -s works
configure:4792: result: yes
configure:4799: checking how to recognize dependent libraries
configure:4985: result: pass_all
configure:5070: cc -c -g -O2  conftest.c >&5
configure:5073: $? = 0
configure:5203: checking for ANSI C header files
configure:5223: cc -c -g -O2  conftest.c >&5
configure:5223: $? = 0
configure:5296: cc -o conftest -g -O2   conftest.c  >&5
configure:5296: $? = 0
configure:5296: ./conftest
configure:5296: $? = 0
configure:5307: result: yes
configure:5320: checking for sys/types.h
configure:5320: cc -c -g -O2  conftest.c >&5
configure:5320: $? = 0
configure:5320: result: yes
configure:5320: checking for sys/stat.h
configure:5320: cc -c -g -O2  conftest.c >&5
configure:5320: $? = 0
configure:5320: result: yes
configure:5320: checking for stdlib.h
configure:5320: cc -c -g -O2  conftest.c >&5
configure:5320: $? = 0
configure:5320: result: yes
configure:5320: checking for string.h
configure:5320: cc -c -g -O2  conftest.c >&5
configure:5320: $? = 0
configure:5320: result: yes
configure:5320: checking for memory.h
configure:5320: cc -c -g -O2  conftest.c >&5
configure:5320: $? = 0
configure:5320: result: yes
configure:5320: checking for strings.h
configure:5320: cc -c -g -O2  conftest.c >&5
configure:5320: $? = 0
configure:5320: result: yes
configure:5320: checking for inttypes.h
configure:5320: cc -c -g -O2  conftest.c >&5
configure:5320: $? = 0
configure:5320: result: yes
configure:5320: checking for stdint.h
configure:5320: cc -c -g -O2  conftest.c >&5
configure:5320: $? = 0
configure:5320: result: yes
configure:5320: checking for unistd.h
configure:5320: cc -c -g -O2  conftest.c >&5
configure:5320: $? = 0
configure:5320: result: yes
configure:5334: checking dlfcn.h usability
configure:5334: cc -c -g -O2  conftest.c >&5
configure:5334: $? = 0
configure:5334: result: yes
configure:5334: checking dlfcn.h presence
configure:5334: cc -E  conftest.c
configure:5334: $? = 0
configure:5334: result: yes
configure:5334: checking for dlfcn.h
configure:5334: result: yes
configure:5356: checking the maximum length of command line arguments
configure:5468: result: 1572864
configure:5480: checking command to parse /usr/bin/nm -B output from cc object
configure:5585: cc -c -g -O2  conftest.c >&5
configure:5588: $? = 0
configure:5592: /usr/bin/nm -B conftest.o \| sed -n -e 's/^.*[ 	]\([ABCDGIRSTW][ABCDGIRSTW]*\)[ 	][ 	]*\([_A-Za-z][_A-Za-z0-9]*\)$/\1 \2 \2/p' \> conftest.nm
configure:5595: $? = 0
configure:5647: cc -o conftest -g -O2   conftest.c conftstm.o >&5
configure:5650: $? = 0
configure:5688: result: ok
configure:5692: checking for objdir
configure:5707: result: .libs
configure:5799: checking for ar
configure:5815: found /usr/bin/ar
configure:5826: result: ar
configure:5891: checking for ranlib
configure:5907: found /usr/bin/ranlib
configure:5918: result: ranlib
configure:5983: checking for strip
configure:5999: found /usr/bin/strip
configure:6010: result: strip
configure:6579: checking if cc supports -fno-rtti -fno-exceptions
configure:6597: cc -c -g -O2  -fno-rtti -fno-exceptions conftest.c >&5
cc1: warning: command line option '-fno-rtti' is valid for C++/ObjC++ but not for C [enabled by default]
configure:6601: $? = 0
configure:6614: result: no
configure:6629: checking for cc option to produce PIC
configure:6869: result: -fPIC
configure:6877: checking if cc PIC flag -fPIC works
configure:6895: cc -c -g -O2  -fPIC -DPIC conftest.c >&5
configure:6899: $? = 0
configure:6912: result: yes
configure:6940: checking if cc static flag -static works
configure:6968: result: yes
configure:6978: checking if cc supports -c -o file.o
configure:6999: cc -c -g -O2  -o out/conftest2.o conftest.c >&5
configure:7003: $? = 0
configure:7025: result: yes
configure:7051: checking whether the cc linker (/usr/bin/ld -m elf_x86_64) supports shared libraries
configure:7979: result: yes
configure:8000: checking whether -lc should be explicitly linked in
configure:8005: cc -c -g -O2  conftest.c >&5
configure:8008: $? = 0
configure:8023: cc -shared conftest.o  -v -Wl,-soname -Wl,conftest -o conftest 2\>\&1 \| grep  -lc  \>/dev/null 2\>\&1
configure:8026: $? = 0
configure:8038: result: no
configure:8046: checking dynamic linker characteristics
configure:8644: result: GNU/Linux ld.so
configure:8668: checking how to hardcode library paths into programs
configure:8693: result: immediate
configure:8707: checking whether stripping libraries is possible
configure:8712: result: yes
configure:9229: checking if libtool supports shared libraries
configure:9231: result: yes
configure:9234: checking whether to build shared libraries
configure:9255: result: yes
configure:9258: checking whether to build static libraries
configure:9262: result: no
configure:9357: result:
creating libtool
configure:13056: creating ./config.status

## ---------------------- ##
## Running config.status. ##
## ---------------------- ##

This file was extended by config.status, which was
generated by GNU Autoconf 2.69.  Invocation command line was

  CONFIG_FILES    = 
  CONFIG_HEADERS  = 
  CONFIG_LINKS    = 
  CONFIG_COMMANDS = 
  $ ./config.status 

on ubuntu

config.status:677: creating config.h
config.status:767: config.h is unchanged

## ---------------- ##
## Cache variables. ##
## ---------------- ##

ac_cv_build=x86_64-unknown-linux-gnu
ac_cv_c_compiler_gnu=yes
ac_cv_env_CC_set=
ac_cv_env_CC_value=
ac_cv_env_CFLAGS_set=
ac_cv_env_CFLAGS_value=
ac_cv_env_CPPFLAGS_set=
ac_cv_env_CPPFLAGS_value=
ac_cv_env_CPP_set=
ac_cv_env_CPP_value=
ac_cv_env_LDFLAGS_set=
ac_cv_env_LDFLAGS_value=
ac_cv_env_LIBS_set=
ac_cv_env_LIBS_value=
ac_cv_env_build_alias_set=
ac_cv_env_build_alias_value=
ac_cv_env_host_alias_set=
ac_cv_env_host_alias_value=
ac_cv_env_target_alias_set=
ac_cv_env_target_alias_value=
ac_cv_header_dlfcn_h=yes
ac_cv_header_inttypes_h=yes
ac_cv_header_memory_h=yes
ac_cv_header_stdc=yes
ac_cv_header_stdint_h=yes
ac_cv_header_stdlib_h=yes
ac_cv_header_string_h=yes
ac_cv_header_strings_h=yes
ac_cv_header_sys_stat_h=yes
ac_cv_header_sys_types_h=yes
ac_cv_header_unistd_h=yes
ac_cv_host=x86_64-unknown-linux-gnu
ac_cv_objext=o
ac_cv_path_EGREP='/bin/grep -E'
ac_cv_path_GREP=/bin/grep
ac_cv_prog_AWK=gawk
ac_cv_prog_CPP='cc -E'
ac_cv_prog_ac_ct_AR=ar
ac_cv_prog_ac_ct_CC=cc
ac_cv_prog_ac_ct_RANLIB=ranlib
ac_cv_prog_ac_ct_STRIP=strip
ac_cv_prog_cc_c89=
ac_cv_prog_cc_cc_c_o=yes
ac_cv_prog_cc_g=yes
ac_cv_target=x86_64-unknown-linux-gnu
lt_cv_deplibs_check_method=pass_all
lt_cv_file_magic_cmd='$MAGIC_CMD'
lt_cv_file_magic_test_file=
lt_cv_ld_reload_flag=-r
lt_cv_objdir=.libs
lt_cv_path_LD=/usr/bin/ld
lt_cv_path_NM='/usr/bin/nm -B'
lt_cv_path_SED=/bin/sed
lt_cv_prog_compiler_c_o=yes
lt_cv_prog_compiler_pic_works=yes
lt_cv_prog_compiler_rtti_exceptions=no
lt_cv_prog_compiler_static_works=yes
lt_cv_prog_gnu_ld=yes
lt_cv_sys_global_symbol_pipe='sed -n -e '\''s/^.*[ 	]\([ABCDGIRSTW][ABCDGIRSTW]*\)[ 	][ 	]*\([_A-Za-z][_A-Za-z0-9]*\)$/\1 \2 \2/p'\'''
lt_cv_sys_global_symbol_to_c_name_address='sed -n -e '\''s/^: \([^ ]*\) $/  {\"\1\", (lt_ptr) 0},/p'\'' -e '\''s/^[BCDEGRST] \([^ ]*\) \([^ ]*\)$/  {"\2", (lt_ptr) \&\2},/p'\'''
lt_cv_sys_global_symbol_to_cdecl='sed -n -e '\''s/^. .* \(.*\)$/extern int \1;/p'\'''
lt_cv_sys_lib_dlsearch_path_spec='/lib /usr/lib /usr/lib/x86_64-linux-gnu/libfakeroot /usr/local/lib /lib/x86_64-linux-gnu /usr/lib/x86_64-linux-gnu '
lt_cv_sys_lib_search_path_spec='/usr/lib/gcc/x86_64-linux-gnu/4.8 /usr/lib/x86_64-linux-gnu /usr/lib /lib/x86_64-linux-gnu /lib'
lt_cv_sys_max_cmd_len=1572864
lt_lt_cv_prog_compiler_c_o='"yes"'
lt_lt_cv_sys_global_symbol_pipe='"sed -n -e '\''s/^.*[ 	]\\([ABCDGIRSTW][ABCDGIRSTW]*\\)[ 	][ 	]*\\([_A-Za-z][_A-Za-z0-9]*\\)\$/\\1 \\2 \\2/p'\''"'
lt_lt_cv_sys_global_symbol_to_c_name_address='"sed -n -e '\''s/^: \\([^ ]*\\) \$/  {\\\"\\1\\\", (lt_ptr) 0},/p'\'' -e '\''s/^[BCDEGRST] \\([^ ]*\\) \\([^ ]*\\)\$/  {\"\\2\", (lt_ptr) \\&\\2},/p'\''"'
lt_lt_cv_sys_global_symbol_to_cdecl='"sed -n -e '\''s/^. .* \\(.*\\)\$/extern int \\1;/p'\''"'
php_cv_cc_dashr=no
php_cv_cc_rpath=yes

## ----------------- ##
## Output variables. ##
## ----------------- ##

AR='ar'
AWK='gawk'
CC='cc'
CFLAGS='-g -O2'
CONFIGURE_COMMAND=' '\''./configure'\''  '\''--enable-debreach'\'' '\''--with-apxs2=/usr/local/apache2/bin/apxs'\'''
CONFIGURE_OPTIONS=' '\''--enable-debreach'\'' '\''--with-apxs2=/usr/local/apache2/bin/apxs'\'''
CPP='cc -E'
CPPFLAGS=' -DHAVE_CONFIG_H'
DEFS='-DHAVE_CONFIG_H'
DSYMUTIL=''
ECHO='echo'
ECHO_C=''
ECHO_N='-n'
ECHO_T=''
EGREP='/bin/grep -E'
EXEEXT=''
GREP='/bin/grep'
LDFLAGS=''
LIBOBJS=''
LIBS=''
LIBTOOL='$(SHELL) $(top_builddir)/libtool'
LN_S='ln -s'
LTLIBOBJS=''
NMEDIT=''
OBJEXT='o'
PACKAGE_BUGREPORT=''
PACKAGE_NAME=''
PACKAGE_STRING=''
PACKAGE_TARNAME=''
PACKAGE_URL=''
PACKAGE_VERSION=''
PATH_SEPARATOR=':'
RANLIB='ranlib'
RE2C='exit 0;'
SED='/bin/sed'
SHELL='/bin/bash'
SHLIB_DL_SUFFIX_NAME='so'
SHLIB_SUFFIX_NAME='so'
STRIP='strip'
ac_ct_CC='cc'
bindir='${exec_prefix}/bin'
build='x86_64-unknown-linux-gnu'
build_alias=''
build_cpu='x86_64'
build_os='linux-gnu'
build_vendor='unknown'
datadir='${datarootdir}'
datarootdir='${prefix}/share'
docdir='${datarootdir}/doc/${PACKAGE}'
dvidir='${docdir}'
exec_prefix='$(prefix)'
host='x86_64-unknown-linux-gnu'
host_alias='x86_64-unknown-linux-gnu'
host_cpu='x86_64'
host_os='linux-gnu'
host_vendor='unknown'
htmldir='${docdir}'
includedir='${prefix}/include'
infodir='${datarootdir}/info'
libdir='${exec_prefix}/lib'
libexecdir='${exec_prefix}/libexec'
localedir='${datarootdir}/locale'
localstatedir='${prefix}/var'
mandir='${datarootdir}/man'
oldincludedir='/usr/include'
pdfdir='${docdir}'
prefix='/usr/local'
program_transform_name='s,x,x,'
psdir='${docdir}'
sbindir='${exec_prefix}/sbin'
sharedstatedir='${prefix}/com'
sysconfdir='${prefix}/etc'
target='x86_64-unknown-linux-gnu'
target_alias=''
target_cpu='x86_64'
target_os='linux-gnu'
target_vendor='unknown'

## ----------- ##
## confdefs.h. ##
## ----------- ##

/* confdefs.h */
#define PACKAGE_NAME ""
#define PACKAGE_TARNAME ""
#define PACKAGE_VERSION ""
#define PACKAGE_STRING ""
#define PACKAGE_BUGREPORT ""
#define PACKAGE_URL ""
#define HAVE_DEBREACH 1
#define COMPILE_DL_DEBREACH 1
#define STDC_HEADERS 1
#define HAVE_SYS_TYPES_H 1
#define HAVE_SYS_STAT_H 1
#define HAVE_STDLIB_H 1
#define HAVE_STRING_H 1
#define HAVE_MEMORY_H 1
#define HAVE_STRINGS_H 1
#define HAVE_INTTYPES_H 1
#define HAVE_STDINT_H 1
#define HAVE_UNISTD_H 1
#define HAVE_DLFCN_H 1

configure: exit 0
